Name: CCTV-1, URL: http://[2409:8087:1a01:df::7005]/ottrrs.hl.chinamobile.com/PLTV/88888888/224/3221226559/index.m3u8$订阅源, Date: None, Resolution: None, Response Time: 1815 ms
Name: CCTV-1, URL: http://[2409:8087:1a01:df::7005]/ottrrs.hl.chinamobile.com/TVOD/88888888/224/3221226559/index.m3u8$订阅源, Date: None, Resolution: None, Response Time: 1815 ms
Name: CCTV-1, URL: http://[2409:8087:1a01:df::7005]:80/ottrrs.hl.chinamobile.com/TVOD/88888888/224/3221226559/index.m3u8$订阅源, Date: None, Resolution: None, Response Time: 1821 ms
Name: CCTV-2, URL: http://[2409:8087:5e00:24::1e]:6060/200000001898/460000089800010211/1.m3u8$订阅源, Date: None, Resolution: None, Response Time: 3081 ms
Name: CCTV-2, URL: http://[2409:8087:74d9:21::6]:80/270000001322/69900158041111100000002135/index.m3u8$订阅源, Date: None, Resolution: None, Response Time: 1263 ms
Name: CCTV-2, URL: http://[2409:8087:1a01:df::7005]/ottrrs.hl.chinamobile.com/PLTV/88888888/224/3221226540/index.m3u8$订阅源, Date: None, Resolution: None, Response Time: 1815 ms
Name: CCTV-3, URL: http://[2409:8087:1a01:df::7005]:80/ottrrs.hl.chinamobile.com/TVOD/88888888/224/3221226021/index.m3u8$订阅源, Date: None, Resolution: None, Response Time: 1821 ms
Name: CCTV-3, URL: http://[2409:8087:1a01:df::7005]:80/ottrrs.hl.chinamobile.com/PLTV/88888888/224/3221226021/index.m3u8$订阅源, Date: None, Resolution: None, Response Time: 1821 ms
Name: CCTV-3, URL: http://[2409:8087:1a01:df::7005]/ottrrs.hl.chinamobile.com/TVOD/88888888/224/3221226021/index.m3u8$订阅源, Date: None, Resolution: None, Response Time: 1815 ms
Name: CCTV-4, URL: http://[2409:8087:1a01:df::7005]:80/ottrrs.hl.chinamobile.com/TVOD/88888888/224/3221226428/index.m3u8$订阅源, Date: None, Resolution: None, Response Time: 1821 ms
Name: CCTV-4, URL: http://[2409:8087:1a01:df::7005]/ottrrs.hl.chinamobile.com/PLTV/88888888/224/3221226428/index.m3u8$订阅源, Date: None, Resolution: None, Response Time: 1815 ms
Name: CCTV-4, URL: http://[2409:8087:1a01:df::7005]/ottrrs.hl.chinamobile.com/TVOD/88888888/224/3221226428/index.m3u8$订阅源, Date: None, Resolution: None, Response Time: 1815 ms
Name: CCTV-5, URL: http://[2409:8087:1a01:df::4077]/ottrrs.hl.chinamobile.com/PLTV/88888888/224/3221226019/index.m3u8$订阅源, Date: None, Resolution: None, Response Time: 1815 ms
Name: CCTV-5, URL: http://[2409:8087:1a01:df::7005]/ottrrs.hl.chinamobile.com/TVOD/88888888/224/3221226019/index.m3u8$订阅源, Date: None, Resolution: None, Response Time: 1815 ms
Name: CCTV-5, URL: http://[2409:8087:1a01:df::4077]:80/ottrrs.hl.chinamobile.com/TVOD/88888888/224/3221226019/index.m3u8$订阅源, Date: None, Resolution: None, Response Time: 1157 ms
Name: CCTV-5+, URL: http://[2409:8087:1a01:df::7005]/ottrrs.hl.chinamobile.com/TVOD/88888888/224/3221225603/index.m3u8$订阅源, Date: None, Resolution: None, Response Time: 1815 ms
Name: CCTV-5+, URL: http://[2409:8087:1a01:df::7005]:80/ottrrs.hl.chinamobile.com/TVOD/88888888/224/3221225603/index.m3u8$订阅源, Date: None, Resolution: None, Response Time: 1821 ms
Name: CCTV-5+, URL: http://[2409:8087:1a01:df::4077]/ottrrs.hl.chinamobile.com/PLTV/88888888/8/3221225603/index.m3u8$订阅源, Date: None, Resolution: None, Response Time: 1815 ms
Name: CCTV-6, URL: http://[2409:8087:1a01:df::7005]/ottrrs.hl.chinamobile.com/TVOD/88888888/224/3221226010/index.m3u8$订阅源, Date: None, Resolution: None, Response Time: 1815 ms
Name: CCTV-6, URL: http://[2409:8087:1a01:df::4077]/ottrrs.hl.chinamobile.com/PLTV/88888888/224/3221226010/index.m3u8$订阅源, Date: None, Resolution: None, Response Time: 1815 ms
Name: CCTV-6, URL: http://[2409:8087:1a01:df::4077]:80/ottrrs.hl.chinamobile.com/TVOD/88888888/224/3221226010/index.m3u8$订阅源, Date: None, Resolution: None, Response Time: 1157 ms
Name: CCTV-7, URL: http://[2409:8087:1a01:df::7005]:80/ottrrs.hl.chinamobile.com/TVOD/88888888/224/3221225733/index.m3u8$订阅源, Date: None, Resolution: None, Response Time: 1821 ms
Name: CCTV-7, URL: http://[2409:8087:1a01:df::7005]/ottrrs.hl.chinamobile.com/TVOD/88888888/224/3221225733/index.m3u8$订阅源, Date: None, Resolution: None, Response Time: 1815 ms
Name: CCTV-7, URL: http://[2409:8087:1a01:df::7005]/ottrrs.hl.chinamobile.com/PLTV/88888888/224/3221225733/index.m3u8$订阅源, Date: None, Resolution: None, Response Time: 1815 ms
Name: CCTV-8, URL: http://[2409:8087:1a01:df::7005]/ottrrs.hl.chinamobile.com/TVOD/88888888/224/3221226008/index.m3u8$订阅源, Date: None, Resolution: None, Response Time: 1815 ms
Name: CCTV-8, URL: http://[2409:8087:1a01:df::4077]:80/ottrrs.hl.chinamobile.com/TVOD/88888888/224/3221226008/index.m3u8$订阅源, Date: None, Resolution: None, Response Time: 1157 ms
Name: CCTV-8, URL: http://[2409:8087:1a01:df::4077]/ottrrs.hl.chinamobile.com/PLTV/88888888/224/3221226008/index.m3u8$订阅源, Date: None, Resolution: None, Response Time: 1815 ms
Name: CCTV-9, URL: http://[2409:8087:1a01:df::4077]/ottrrs.hl.chinamobile.com/PLTV/88888888/224/3221225734/index.m3u8$订阅源, Date: None, Resolution: None, Response Time: 1815 ms
Name: CCTV-9, URL: http://[2409:8087:1a01:df::4077]:80/ottrrs.hl.chinamobile.com/TVOD/88888888/224/3221225734/index.m3u8$订阅源, Date: None, Resolution: None, Response Time: 1157 ms
Name: CCTV-9, URL: http://[2409:8087:1a01:df::7005]/ottrrs.hl.chinamobile.com/TVOD/88888888/224/3221225734/index.m3u8$订阅源, Date: None, Resolution: None, Response Time: 1815 ms
Name: CCTV-10, URL: http://[2409:8087:1a01:df::7005]:80/ottrrs.hl.chinamobile.com/PLTV/88888888/224/3221226473/index.m3u8$订阅源, Date: None, Resolution: None, Response Time: 1821 ms
Name: CCTV-10, URL: http://[2409:8087:1a01:df::7005]/ottrrs.hl.chinamobile.com/TVOD/88888888/224/3221226473/index.m3u8$订阅源, Date: None, Resolution: None, Response Time: 1815 ms
Name: CCTV-10, URL: http://[2409:8087:1a01:df::7005]:80/ottrrs.hl.chinamobile.com/TVOD/88888888/224/3221226473/index.m3u8$订阅源, Date: None, Resolution: None, Response Time: 1821 ms
Name: CCTV-11, URL: http://[2409:8087:1a01:df::7005]/ottrrs.hl.chinamobile.com/TVOD/88888888/224/3221226565/index.m3u8$订阅源, Date: None, Resolution: None, Response Time: 1815 ms
Name: CCTV-11, URL: http://[2409:8087:1a01:df::7005]/ottrrs.hl.chinamobile.com/PLTV/88888888/224/3221226565/index.m3u8$订阅源, Date: None, Resolution: None, Response Time: 1815 ms
Name: CCTV-11, URL: http://[2409:8087:1a01:df::7005]:80/ottrrs.hl.chinamobile.com/TVOD/88888888/224/3221226565/index.m3u8$订阅源, Date: None, Resolution: None, Response Time: 1821 ms
Name: CCTV-12, URL: http://[2409:8087:1a01:df::4077]:80/ottrrs.hl.chinamobile.com/TVOD/88888888/224/3221225731/index.m3u8$订阅源, Date: None, Resolution: None, Response Time: 1157 ms
Name: CCTV-12, URL: http://[2409:8087:1a01:df::7005]/ottrrs.hl.chinamobile.com/TVOD/88888888/224/3221226568/index.m3u8$订阅源, Date: None, Resolution: None, Response Time: 1815 ms
Name: CCTV-12, URL: http://[2409:8087:1a01:df::4077]/ottrrs.hl.chinamobile.com/PLTV/88888888/224/3221225731/index.m3u8$订阅源, Date: None, Resolution: None, Response Time: 1815 ms
Name: CCTV-13, URL: http://[2409:8087:1a01:df::7005]/ottrrs.hl.chinamobile.com/TVOD/88888888/224/3221226537/index.m3u8$订阅源, Date: None, Resolution: None, Response Time: 1815 ms
Name: CCTV-13, URL: http://[2409:8087:1a01:df::7005]:80/ottrrs.hl.chinamobile.com/TVOD/88888888/224/3221226537/index.m3u8$订阅源, Date: None, Resolution: None, Response Time: 1821 ms
Name: CCTV-13, URL: http://[2409:8087:1a01:df::7005]/ottrrs.hl.chinamobile.com/PLTV/88888888/224/3221226537/index.m3u8$订阅源, Date: None, Resolution: None, Response Time: 1815 ms
Name: CCTV-14, URL: http://[2409:8087:1a01:df::4077]:80/ottrrs.hl.chinamobile.com/TVOD/88888888/224/3221225732/index.m3u8$订阅源, Date: None, Resolution: None, Response Time: 1157 ms
Name: CCTV-14, URL: http://[2409:8087:1a01:df::7005]/ottrrs.hl.chinamobile.com/TVOD/88888888/224/3221226591/index.m3u8$订阅源, Date: None, Resolution: None, Response Time: 1815 ms
Name: CCTV-14, URL: http://[2409:8087:1a01:df::4077]/ottrrs.hl.chinamobile.com/PLTV/88888888/224/3221225732/index.m3u8$订阅源, Date: None, Resolution: None, Response Time: 1815 ms
Name: CCTV-15, URL: http://[2409:8087:1a01:df::7005]/ottrrs.hl.chinamobile.com/PLTV/88888888/224/3221226476/index.m3u8$订阅源, Date: None, Resolution: None, Response Time: 1815 ms
Name: CCTV-15, URL: http://[2409:8087:1a01:df::7005]/ottrrs.hl.chinamobile.com/TVOD/88888888/224/3221226476/index.m3u8$订阅源, Date: None, Resolution: None, Response Time: 1815 ms
Name: CCTV-15, URL: http://[2409:8087:1a01:df::7005]:80/ottrrs.hl.chinamobile.com/TVOD/88888888/224/3221226476/index.m3u8$订阅源, Date: None, Resolution: None, Response Time: 1821 ms
Name: CCTV-16, URL: http://[2409:8087:1a01:df::7005]/ottrrs.hl.chinamobile.com/PLTV/88888888/224/3221226100/index.m3u8$订阅源, Date: None, Resolution: None, Response Time: 1815 ms
Name: CCTV-16, URL: http://[2409:8087:1a01:df::7005]:80/ottrrs.hl.chinamobile.com/TVOD/88888888/224/3221226100/index.m3u8$订阅源, Date: None, Resolution: None, Response Time: 1821 ms
Name: CCTV-16, URL: http://[2409:8087:1a01:df::7005]/ottrrs.hl.chinamobile.com/TVOD/88888888/224/3221226100/index.m3u8$订阅源, Date: None, Resolution: None, Response Time: 1815 ms
Name: CCTV-17, URL: http://[2409:8087:1a01:df::7005]/ottrrs.hl.chinamobile.com/TVOD/88888888/224/3221225765/index.m3u8$订阅源, Date: None, Resolution: None, Response Time: 1815 ms
Name: CCTV-17, URL: http://[2409:8087:1a01:df::7005]/ottrrs.hl.chinamobile.com/PLTV/88888888/224/3221225765/index.m3u8$订阅源, Date: None, Resolution: None, Response Time: 1815 ms
Name: CCTV-17, URL: http://[2409:8087:1a01:df::7005]:80/ottrrs.hl.chinamobile.com/TVOD/88888888/224/3221225765/index.m3u8$订阅源, Date: None, Resolution: None, Response Time: 1821 ms
Name: 广东卫视, URL: http://[2409:8087:1a01:df::7005]:80/ottrrs.hl.chinamobile.com/TVOD/88888888/224/3221226248/index.m3u8$订阅源, Date: None, Resolution: None, Response Time: 1821 ms
Name: 广东卫视, URL: http://[2409:8087:1a01:df::7005]/ottrrs.hl.chinamobile.com/PLTV/88888888/224/3221226248/index.m3u8$订阅源, Date: None, Resolution: None, Response Time: 1815 ms
Name: 广东卫视, URL: http://[2409:8087:1a01:df::7005]/ottrrs.hl.chinamobile.com/TVOD/88888888/224/3221226248/index.m3u8$订阅源, Date: None, Resolution: None, Response Time: 1815 ms
Name: 浙江卫视, URL: http://[2409:8087:1a01:df::7005]:80/ottrrs.hl.chinamobile.com/TVOD/88888888/224/3221226339/index.m3u8$订阅源, Date: None, Resolution: None, Response Time: 1821 ms
Name: 浙江卫视, URL: http://[2409:8087:1a01:df::7005]/ottrrs.hl.chinamobile.com/PLTV/88888888/224/3221226339/index.m3u8$订阅源, Date: None, Resolution: None, Response Time: 1815 ms
Name: 浙江卫视, URL: http://[2409:8087:1a01:df::7005]/ottrrs.hl.chinamobile.com/TVOD/88888888/224/3221226339/index.m3u8$订阅源, Date: None, Resolution: None, Response Time: 1815 ms
Name: 湖南卫视, URL: http://[2409:8087:1a01:df::7005]:80/ottrrs.hl.chinamobile.com/TVOD/88888888/224/3221226307/index.m3u8$订阅源, Date: None, Resolution: None, Response Time: 1821 ms
Name: 湖南卫视, URL: http://[2409:8087:1a01:df::7005]/ottrrs.hl.chinamobile.com/PLTV/88888888/224/3221226307/index.m3u8$订阅源, Date: None, Resolution: None, Response Time: 1815 ms
Name: 湖南卫视, URL: http://[2409:8087:1a01:df::7005]/ottrrs.hl.chinamobile.com/TVOD/88888888/224/3221226307/index.m3u8$订阅源, Date: None, Resolution: None, Response Time: 1815 ms
Name: 北京卫视, URL: http://[2409:8087:1a01:df::7005]/ottrrs.hl.chinamobile.com/TVOD/88888888/224/3221226450/index.m3u8$订阅源, Date: None, Resolution: None, Response Time: 1815 ms
Name: 北京卫视, URL: http://[2409:8087:1a01:df::7005]:80/ottrrs.hl.chinamobile.com/TVOD/88888888/224/3221226450/index.m3u8$订阅源, Date: None, Resolution: None, Response Time: 1821 ms
Name: 北京卫视, URL: http://[2409:8087:1a01:df::7005]/ottrrs.hl.chinamobile.com/PLTV/88888888/224/3221226450/index.m3u8$订阅源, Date: None, Resolution: None, Response Time: 1815 ms
Name: 湖北卫视, URL: http://[2409:8087:1a01:df::7005]/ottrrs.hl.chinamobile.com/TVOD/88888888/224/3221226477/index.m3u8$订阅源, Date: None, Resolution: None, Response Time: 1815 ms
Name: 湖北卫视, URL: http://[2409:8087:1a01:df::7005]:80/ottrrs.hl.chinamobile.com/TVOD/88888888/224/3221226477/index.m3u8$订阅源, Date: None, Resolution: None, Response Time: 1821 ms
Name: 湖北卫视, URL: http://[2409:8087:1a01:df::7005]/ottrrs.hl.chinamobile.com/PLTV/88888888/224/3221226477/index.m3u8$订阅源, Date: None, Resolution: None, Response Time: 1815 ms
Name: 黑龙江卫视, URL: http://[2409:8087:1a01:df::7005]:80/ottrrs.hl.chinamobile.com/TVOD/88888888/224/3221226327/index.m3u8$订阅源, Date: None, Resolution: None, Response Time: 1821 ms
Name: 黑龙江卫视, URL: http://[2409:8087:1a01:df::7005]/ottrrs.hl.chinamobile.com/TVOD/88888888/224/3221226327/index.m3u8$订阅源, Date: None, Resolution: None, Response Time: 1815 ms
Name: 安徽卫视, URL: http://[2409:8087:1a01:df::7005]/ottrrs.hl.chinamobile.com/TVOD/88888888/224/3221226391/index.m3u8$订阅源, Date: None, Resolution: None, Response Time: 1815 ms
Name: 安徽卫视, URL: http://[2409:8087:1a01:df::7005]:80/ottrrs.hl.chinamobile.com/TVOD/88888888/224/3221226391/index.m3u8$订阅源, Date: None, Resolution: None, Response Time: 1821 ms
Name: 安徽卫视, URL: http://[2409:8087:1a01:df::7005]/ottrrs.hl.chinamobile.com/PLTV/88888888/224/3221226391/index.m3u8$订阅源, Date: None, Resolution: None, Response Time: 1815 ms
Name: 重庆卫视, URL: http://[2409:8087:1a01:df::7005]:80/ottrrs.hl.chinamobile.com/TVOD/88888888/224/3221226409/index.m3u8$订阅源, Date: None, Resolution: None, Response Time: 1821 ms
Name: 重庆卫视, URL: http://[2409:8087:1a01:df::7005]/ottrrs.hl.chinamobile.com/PLTV/88888888/224/3221226409/index.m3u8$订阅源, Date: None, Resolution: None, Response Time: 1815 ms
Name: 重庆卫视, URL: http://[2409:8087:1a01:df::7005]/ottrrs.hl.chinamobile.com/TVOD/88888888/224/3221226409/index.m3u8$订阅源, Date: None, Resolution: None, Response Time: 1815 ms
Name: 东方卫视, URL: http://[2409:8087:1a01:df::7005]:80/ottrrs.hl.chinamobile.com/TVOD/88888888/224/3221226345/index.m3u8$订阅源, Date: None, Resolution: None, Response Time: 1821 ms
Name: 东方卫视, URL: http://[2409:8087:1a01:df::7005]/ottrrs.hl.chinamobile.com/PLTV/88888888/224/3221226345/index.m3u8$订阅源, Date: None, Resolution: None, Response Time: 1815 ms
Name: 东方卫视, URL: http://[2409:8087:1a01:df::7005]/ottrrs.hl.chinamobile.com/TVOD/88888888/224/3221226345/index.m3u8$订阅源, Date: None, Resolution: None, Response Time: 1815 ms
Name: 东南卫视, URL: http://[2409:8087:1a01:df::7005]:80/ottrrs.hl.chinamobile.com/TVOD/88888888/224/3221226341/index.m3u8$订阅源, Date: None, Resolution: None, Response Time: 1821 ms
Name: 东南卫视, URL: http://[2409:8087:1a01:df::7005]:80/ottrrs.hl.chinamobile.com/PLTV/88888888/224/3221226341/index.m3u8$订阅源, Date: None, Resolution: None, Response Time: 1821 ms
Name: 东南卫视, URL: http://[2409:8087:1a01:df::7005]/ottrrs.hl.chinamobile.com/TVOD/88888888/224/3221226341/index.m3u8$订阅源, Date: None, Resolution: None, Response Time: 1815 ms
Name: 甘肃卫视, URL: http://[2409:8087:1a0b:df::4005]:80/ottrrs.hl.chinamobile.com/TVOD/88888888/224/3221225633/index.m3u8$订阅源, Date: None, Resolution: None, Response Time: 1160 ms
Name: 甘肃卫视, URL: http://[2409:8087:5e00:24::1e]:6060/200000001898/460000089800010098/1.m3u8$订阅源, Date: None, Resolution: None, Response Time: 3081 ms
Name: 广西卫视, URL: http://[2409:8087:1a01:df::7005]:80/ottrrs.hl.chinamobile.com/TVOD/88888888/224/3221226549/index.m3u8$订阅源, Date: None, Resolution: None, Response Time: 1821 ms
Name: 广西卫视, URL: http://[2409:8087:1a01:df::7005]/ottrrs.hl.chinamobile.com/TVOD/88888888/224/3221226549/index.m3u8$订阅源, Date: None, Resolution: None, Response Time: 1815 ms
Name: 广西卫视, URL: http://[2409:8087:1a01:df::7005]/ottrrs.hl.chinamobile.com/PLTV/88888888/224/3221226549/index.m3u8$订阅源, Date: None, Resolution: None, Response Time: 1815 ms
Name: 贵州卫视, URL: http://[2409:8087:1a01:df::7005]:80/ottrrs.hl.chinamobile.com/PLTV/88888888/224/3221226474/index.m3u8$订阅源, Date: None, Resolution: None, Response Time: 1821 ms
Name: 贵州卫视, URL: http://[2409:8087:1a01:df::7005]/ottrrs.hl.chinamobile.com/TVOD/88888888/224/3221226474/index.m3u8$订阅源, Date: None, Resolution: None, Response Time: 1815 ms
Name: 贵州卫视, URL: http://[2409:8087:1a01:df::7005]:80/ottrrs.hl.chinamobile.com/TVOD/88888888/224/3221226474/index.m3u8$订阅源, Date: None, Resolution: None, Response Time: 1821 ms
Name: 海南卫视, URL: http://[2409:8087:1a01:df::7005]/ottrrs.hl.chinamobile.com/TVOD/88888888/224/3221226465/index.m3u8$订阅源, Date: None, Resolution: None, Response Time: 1815 ms
Name: 海南卫视, URL: http://[2409:8087:1a01:df::7005]:80/ottrrs.hl.chinamobile.com/TVOD/88888888/224/3221226465/index.m3u8$订阅源, Date: None, Resolution: None, Response Time: 1821 ms
Name: 河北卫视, URL: http://[2409:8087:1a01:df::7005]:80/ottrrs.hl.chinamobile.com/PLTV/88888888/224/3221226406/index.m3u8$订阅源, Date: None, Resolution: None, Response Time: 1821 ms
Name: 河北卫视, URL: http://[2409:8087:1a01:df::7005]:80/ottrrs.hl.chinamobile.com/TVOD/88888888/224/3221226406/index.m3u8$订阅源, Date: None, Resolution: None, Response Time: 1821 ms
Name: 河北卫视, URL: http://[2409:8087:1a01:df::7005]/ottrrs.hl.chinamobile.com/TVOD/88888888/224/3221226406/index.m3u8$订阅源, Date: None, Resolution: None, Response Time: 1815 ms
Name: 河南卫视, URL: http://[2409:8087:1a01:df::7005]/ottrrs.hl.chinamobile.com/TVOD/88888888/224/3221226480/index.m3u8$订阅源, Date: None, Resolution: None, Response Time: 1815 ms
Name: 河南卫视, URL: http://[2409:8087:1a01:df::7005]:80/ottrrs.hl.chinamobile.com/TVOD/88888888/224/3221226480/index.m3u8$订阅源, Date: None, Resolution: None, Response Time: 1821 ms
Name: 河南卫视, URL: http://[2409:8087:1a01:df::7005]:80/ottrrs.hl.chinamobile.com/PLTV/88888888/224/3221226480/index.m3u8$订阅源, Date: None, Resolution: None, Response Time: 1821 ms
Name: 吉林卫视, URL: http://[2409:8087:1a01:df::7005]/ottrrs.hl.chinamobile.com/TVOD/88888888/224/3221226397/index.m3u8$订阅源, Date: None, Resolution: None, Response Time: 1815 ms
Name: 吉林卫视, URL: http://[2409:8087:1a01:df::7005]:80/ottrrs.hl.chinamobile.com/PLTV/88888888/224/3221226397/index.m3u8$订阅源, Date: None, Resolution: None, Response Time: 1821 ms
Name: 吉林卫视, URL: http://[2409:8087:1a01:df::7005]:80/ottrrs.hl.chinamobile.com/TVOD/88888888/224/3221226397/index.m3u8$订阅源, Date: None, Resolution: None, Response Time: 1821 ms
Name: 江苏卫视, URL: http://[2409:8087:1a01:df::7005]:80/ottrrs.hl.chinamobile.com/TVOD/88888888/224/3221226310/index.m3u8$订阅源, Date: None, Resolution: None, Response Time: 1821 ms
Name: 江苏卫视, URL: http://[2409:8087:1a01:df::7005]/ottrrs.hl.chinamobile.com/TVOD/88888888/224/3221226310/index.m3u8$订阅源, Date: None, Resolution: None, Response Time: 1815 ms
Name: 江苏卫视, URL: http://[2409:8087:1a01:df::7005]/ottrrs.hl.chinamobile.com/PLTV/88888888/224/3221226310/index.m3u8$订阅源, Date: None, Resolution: None, Response Time: 1815 ms
Name: 江西卫视, URL: http://[2409:8087:1a01:df::7005]:80/ottrrs.hl.chinamobile.com/TVOD/88888888/224/3221226344/index.m3u8$订阅源, Date: None, Resolution: None, Response Time: 1821 ms
Name: 江西卫视, URL: http://[2409:8087:1a01:df::7005]:80/ottrrs.hl.chinamobile.com/PLTV/88888888/224/3221226344/index.m3u8$订阅源, Date: None, Resolution: None, Response Time: 1821 ms
Name: 江西卫视, URL: http://[2409:8087:1a01:df::7005]/ottrrs.hl.chinamobile.com/TVOD/88888888/224/3221226344/index.m3u8$订阅源, Date: None, Resolution: None, Response Time: 1815 ms
Name: 辽宁卫视, URL: http://[2409:8087:1a01:df::7005]/ottrrs.hl.chinamobile.com/TVOD/88888888/224/3221226546/index.m3u8$订阅源, Date: None, Resolution: None, Response Time: 1815 ms
Name: 辽宁卫视, URL: http://[2409:8087:1a01:df::7005]:80/ottrrs.hl.chinamobile.com/TVOD/88888888/224/3221226546/index.m3u8$订阅源, Date: None, Resolution: None, Response Time: 1821 ms
Name: 辽宁卫视, URL: http://[2409:8087:1a01:df::7005]/ottrrs.hl.chinamobile.com/PLTV/88888888/224/3221226546/index.m3u8$订阅源, Date: None, Resolution: None, Response Time: 1815 ms
Name: 宁夏卫视, URL: http://[2409:8087:1a01:df::4077]:80/ottrrs.hl.chinamobile.com/TVOD/88888888/8/3221226454/index.m3u8$订阅源, Date: None, Resolution: None, Response Time: 1157 ms
Name: 青海卫视, URL: http://[2409:8087:5e00:24::1e]:6060/200000001898/460000089800010111/1.m3u8$订阅源, Date: None, Resolution: None, Response Time: 3081 ms
Name: 青海卫视, URL: http://[2409:8087:1a0b:df::4002]:80/ottrrs.hl.chinamobile.com/TVOD/88888888/224/3221225628/index.m3u8$订阅源, Date: None, Resolution: None, Response Time: 1143 ms
Name: 山东卫视, URL: http://[2409:8087:1a01:df::7005]/ottrrs.hl.chinamobile.com/PLTV/88888888/224/3221226456/index.m3u8$订阅源, Date: None, Resolution: None, Response Time: 1815 ms
Name: 山东卫视, URL: http://[2409:8087:1a01:df::7005]/ottrrs.hl.chinamobile.com/TVOD/88888888/224/3221226456/index.m3u8$订阅源, Date: None, Resolution: None, Response Time: 1815 ms
Name: 山东卫视, URL: http://[2409:8087:1a01:df::7005]:80/ottrrs.hl.chinamobile.com/TVOD/88888888/224/3221226456/index.m3u8$订阅源, Date: None, Resolution: None, Response Time: 1821 ms
Name: 山西卫视, URL: http://[2409:8087:5e00:24::1e]:6060/000000001000/1000000002000021220/1.m3u8$订阅源, Date: None, Resolution: None, Response Time: 3081 ms
Name: 陕西卫视, URL: http://[2409:8087:5e00:24::1e]:6060/000000001000/1000000002000007495/1.m3u8$订阅源, Date: None, Resolution: None, Response Time: 3081 ms
Name: 四川卫视, URL: http://[2409:8087:1a01:df::7005]/ottrrs.hl.chinamobile.com/TVOD/88888888/224/3221226338/index.m3u8$订阅源, Date: None, Resolution: None, Response Time: 1815 ms
Name: 四川卫视, URL: http://[2409:8087:1a01:df::7005]:80/ottrrs.hl.chinamobile.com/PLTV/88888888/224/3221226338/index.m3u8$订阅源, Date: None, Resolution: None, Response Time: 1821 ms
Name: 四川卫视, URL: http://[2409:8087:1a01:df::7005]:80/ottrrs.hl.chinamobile.com/TVOD/88888888/224/3221226338/index.m3u8$订阅源, Date: None, Resolution: None, Response Time: 1821 ms
Name: 深圳卫视, URL: http://[2409:8087:1a01:df::7005]/ottrrs.hl.chinamobile.com/TVOD/88888888/224/3221226313/index.m3u8$订阅源, Date: None, Resolution: None, Response Time: 1815 ms
Name: 深圳卫视, URL: http://[2409:8087:1a01:df::7005]:80/ottrrs.hl.chinamobile.com/TVOD/88888888/224/3221226313/index.m3u8$订阅源, Date: None, Resolution: None, Response Time: 1821 ms
Name: 深圳卫视, URL: http://[2409:8087:1a01:df::7005]/ottrrs.hl.chinamobile.com/PLTV/88888888/224/3221226313/index.m3u8$订阅源, Date: None, Resolution: None, Response Time: 1815 ms
Name: 三沙卫视, URL: http://[2409:8087:5e00:24::1e]:6060/000000001000/4600001000000000117/1.m3u8$订阅源, Date: None, Resolution: None, Response Time: 3081 ms
Name: 天津卫视, URL: http://[2409:8087:1a01:df::7005]:80/ottrrs.hl.chinamobile.com/TVOD/88888888/224/3221226459/index.m3u8$订阅源, Date: None, Resolution: None, Response Time: 1821 ms
Name: 天津卫视, URL: http://[2409:8087:1a01:df::7005]/ottrrs.hl.chinamobile.com/TVOD/88888888/224/3221226459/index.m3u8$订阅源, Date: None, Resolution: None, Response Time: 1815 ms
Name: 天津卫视, URL: http://[2409:8087:1a01:df::7005]/ottrrs.hl.chinamobile.com/PLTV/88888888/224/3221226459/index.m3u8$订阅源, Date: None, Resolution: None, Response Time: 1815 ms
Name: 西藏卫视, URL: http://[2409:8087:5e00:24::1e]:6060/000000001000/6603041244077933770/1.m3u8$订阅源, Date: None, Resolution: None, Response Time: 3081 ms
Name: 新疆卫视, URL: http://[2409:8087:1a0b:df::4005]:80/ottrrs.hl.chinamobile.com/TVOD/88888888/224/3221225635/index.m3u8$订阅源, Date: None, Resolution: None, Response Time: 1160 ms
Name: 云南卫视, URL: http://[2409:8087:5e00:24::1e]:6060/200000001898/460000089800010119/1.m3u8$订阅源, Date: None, Resolution: None, Response Time: 3081 ms
Name: 广东卫视, URL: http://[2409:8087:1a01:df::7005]:80/ottrrs.hl.chinamobile.com/TVOD/88888888/224/3221226248/index.m3u8$订阅源, Date: None, Resolution: None, Response Time: 1821 ms
Name: 广东卫视, URL: http://[2409:8087:1a01:df::7005]/ottrrs.hl.chinamobile.com/PLTV/88888888/224/3221226248/index.m3u8$订阅源, Date: None, Resolution: None, Response Time: 1815 ms
Name: 广东卫视, URL: http://[2409:8087:1a01:df::7005]/ottrrs.hl.chinamobile.com/TVOD/88888888/224/3221226248/index.m3u8$订阅源, Date: None, Resolution: None, Response Time: 1815 ms
Name: 大湾区卫视, URL: http://[2409:8087:5e00:24::1e]:6060/000000001000/1000000002000011619/index.m3u8$订阅源, Date: None, Resolution: None, Response Time: 3081 ms
Name: 深圳卫视, URL: http://[2409:8087:1a01:df::7005]/ottrrs.hl.chinamobile.com/TVOD/88888888/224/3221226313/index.m3u8$订阅源, Date: None, Resolution: None, Response Time: 1815 ms
Name: 深圳卫视, URL: http://[2409:8087:1a01:df::7005]:80/ottrrs.hl.chinamobile.com/TVOD/88888888/224/3221226313/index.m3u8$订阅源, Date: None, Resolution: None, Response Time: 1821 ms
Name: 深圳卫视, URL: http://[2409:8087:1a01:df::7005]/ottrrs.hl.chinamobile.com/PLTV/88888888/224/3221226313/index.m3u8$订阅源, Date: None, Resolution: None, Response Time: 1815 ms
Name: CHC家庭影院, URL: http://[2001:250:5800:1005::155]:80/liverespath/449d51febadb152094085d373b9af94a6ac5f1dd/index.m3u8$订阅源, Date: None, Resolution: None, Response Time: 665 ms
Name: CHC动作电影, URL: http://[2001:250:5800:1005::155]:80/liverespath/e0096742f0c5be4c5225cf3c7ab1077177bec05f/index.m3u8$订阅源, Date: None, Resolution: None, Response Time: 665 ms
Name: NewTV惊悚悬疑, URL: http://[2409:8087:1a0b:df::4002]:80/ottrrs.hl.chinamobile.com/TVOD/88888888/224/3221225665/index.m3u8$订阅源, Date: None, Resolution: None, Response Time: 1143 ms
Name: NewTV惊悚悬疑, URL: http://[2409:8087:1a0b:df::4002]:80/ottrrs.hl.chinamobile.com/PLTV/88888888/224/3221225665/index.m3u8$订阅源, Date: None, Resolution: None, Response Time: 1143 ms
Name: 黑莓电影, URL: http://[2409:8087:1a0b:df::4014]:80/ottrrs.hl.chinamobile.com/TVOD/88888888/224/3221225743/index.m3u8$订阅源, Date: None, Resolution: None, Response Time: 1071 ms
Name: 黑莓电影, URL: http://[2409:8087:1a01:df::7005]/ottrrs.hl.chinamobile.com/TVOD/88888888/224/3221225743/index.m3u8$订阅源, Date: None, Resolution: None, Response Time: 1815 ms
Name: 黑莓电影, URL: http://[2409:8087:1a0b:df::4014]:80/ottrrs.hl.chinamobile.com/PLTV/88888888/224/3221225743/index.m3u8$订阅源, Date: None, Resolution: None, Response Time: 1071 ms
Name: CCTV-5, URL: http://[2409:8087:1a01:df::4077]/ottrrs.hl.chinamobile.com/PLTV/88888888/224/3221226019/index.m3u8$订阅源, Date: None, Resolution: None, Response Time: 1815 ms
Name: CCTV-5, URL: http://[2409:8087:1a01:df::7005]/ottrrs.hl.chinamobile.com/TVOD/88888888/224/3221226019/index.m3u8$订阅源, Date: None, Resolution: None, Response Time: 1815 ms
Name: CCTV-5, URL: http://[2409:8087:1a01:df::4077]:80/ottrrs.hl.chinamobile.com/TVOD/88888888/224/3221226019/index.m3u8$订阅源, Date: None, Resolution: None, Response Time: 1157 ms
Name: CCTV-5+, URL: http://[2409:8087:1a01:df::7005]/ottrrs.hl.chinamobile.com/TVOD/88888888/224/3221225603/index.m3u8$订阅源, Date: None, Resolution: None, Response Time: 1815 ms
Name: CCTV-5+, URL: http://[2409:8087:1a01:df::7005]:80/ottrrs.hl.chinamobile.com/TVOD/88888888/224/3221225603/index.m3u8$订阅源, Date: None, Resolution: None, Response Time: 1821 ms
Name: CCTV-5+, URL: http://[2409:8087:1a01:df::4077]/ottrrs.hl.chinamobile.com/PLTV/88888888/8/3221225603/index.m3u8$订阅源, Date: None, Resolution: None, Response Time: 1815 ms
Name: 五星体育, URL: http://[2409:8087:5e01:24::16]:6610/000000001000/2000000002000000007/index.m3u8?stbId=3&livemode=1&HlsProfileId=&channel-id=hnbblive&Contentid=2000000002000000007&IASHttpSessionId=OTT19019320240419154124000281$订阅源, Date: None, Resolution: None, Response Time: 1342 ms
Name: 劲爆体育, URL: http://[2409:8087:5e01:24::16]:6610/000000001000/2000000002000000008/index.m3u8?stbId=3&livemode=1&HlsProfileId=&channel-id=hnbblive&Contentid=2000000002000000008&IASHttpSessionId=OTT19019320240419154124000281$订阅源, Date: None, Resolution: None, Response Time: 1342 ms
Name: 超级体育, URL: http://[2409:8087:1a01:df::7005]/ottrrs.hl.chinamobile.com/TVOD/88888888/224/3221225715/index.m3u8$订阅源, Date: None, Resolution: None, Response Time: 1815 ms
Name: 精品体育, URL: http://[2409:8087:1a01:df::7005]/ottrrs.hl.chinamobile.com/TVOD/88888888/224/3221225674/index.m3u8$订阅源, Date: None, Resolution: None, Response Time: 1815 ms
Name: 睛彩篮球, URL: http://[2409:8087:1a01:df::7005]:80/ottrrs.hl.chinamobile.com/TVOD/88888888/224/3221226147/index.m3u8$订阅源, Date: None, Resolution: None, Response Time: 1821 ms
Name: 睛彩广场舞, URL: http://[2409:8087:1a01:df::7005]:80/ottrrs.hl.chinamobile.com/TVOD/88888888/224/3221226472/index.m3u8$订阅源, Date: None, Resolution: None, Response Time: 1821 ms
Name: 快乐垂钓, URL: http://[2409:8087:5e00:24::1e]:6060/000000001000/5000000011000031206/1.m3u8$订阅源, Date: None, Resolution: None, Response Time: 3081 ms
Name: 卡酷动画, URL: http://[2409:8087:1a0b:df::4020]:80/ottrrs.hl.chinamobile.com/TVOD/88888888/224/3221225654/index.m3u8$订阅源, Date: None, Resolution: None, Response Time: 1160 ms
Name: 动漫秀场, URL: http://[2409:8087:5e00:24::1e]:6060/000000001000/5000000011000031113/1.m3u8$订阅源, Date: None, Resolution: None, Response Time: 3081 ms
Name: 优漫卡通, URL: http://[2409:8087:1a0b:df::4005]:80/ottrrs.hl.chinamobile.com/TVOD/88888888/224/3221225656/index.m3u8$订阅源, Date: None, Resolution: None, Response Time: 1160 ms
Name: 金鹰卡通, URL: http://[2409:8087:1a0b:df::4008]:80/ottrrs.hl.chinamobile.com/PLTV/88888888/224/3221225653/index.m3u8$订阅源, Date: None, Resolution: None, Response Time: 2965 ms
Name: 金鹰卡通, URL: http://[2409:8087:1a0b:df::4008]:80/ottrrs.hl.chinamobile.com/TVOD/88888888/224/3221225653/index.m3u8$订阅源, Date: None, Resolution: None, Response Time: 2965 ms
Name: 黑莓动画, URL: http://[2409:8087:1a0b:df::4006]:80/ottrrs.hl.chinamobile.com/TVOD/88888888/224/3221225662/index.m3u8$订阅源, Date: None, Resolution: None, Response Time: 2912 ms
Name: 黑莓动画, URL: http://[2409:8087:1a01:df::7005]/ottrrs.hl.chinamobile.com/TVOD/88888888/224/3221225662/index.m3u8$订阅源, Date: None, Resolution: None, Response Time: 1815 ms
Name: 黑莓动画, URL: http://[2409:8087:1a01:df::7005]/ottrrs.hl.chinamobile.com/PLTV/88888888/224/3221225662/index.m3u8$订阅源, Date: None, Resolution: None, Response Time: 1815 ms
Name: 游戏风云, URL: http://[2409:8087:5e00:24::1e]:6060/000000001000/5000000011000031114/1.m3u8$订阅源, Date: None, Resolution: None, Response Time: 3081 ms
Name: CCTV-15, URL: http://[2409:8087:1a01:df::7005]/ottrrs.hl.chinamobile.com/PLTV/88888888/224/3221226476/index.m3u8$订阅源, Date: None, Resolution: None, Response Time: 1815 ms
Name: CCTV-15, URL: http://[2409:8087:1a01:df::7005]/ottrrs.hl.chinamobile.com/TVOD/88888888/224/3221226476/index.m3u8$订阅源, Date: None, Resolution: None, Response Time: 1815 ms
Name: CCTV-15, URL: http://[2409:8087:1a01:df::7005]:80/ottrrs.hl.chinamobile.com/TVOD/88888888/224/3221226476/index.m3u8$订阅源, Date: None, Resolution: None, Response Time: 1821 ms
